<?xml version="1.0" encoding="UTF-8"?>
<!-- Generated by org.testng.reporters.JUnitReportReporter -->
<testsuite hostname="LAPTOP-PESQSHPG" failures="0" tests="1" name="LearnGitHub" time="0.011" errors="0" timestamp="2025-02-01T10:53:24 IST" skipped="0">
  <testcase classname="LearnGitHub" name="learn" time="0.011"/>
  <system-out>
    <![CDATA[GitHub class added]]>
  </system-out>
</testsuite> <!-- LearnGitHub -->
