<?xml version="1.0" encoding="UTF-8"?>
<!-- Generated by org.testng.reporters.JUnitReportReporter -->
<testsuite hostname="LAPTOP-PESQSHPG" failures="0" tests="1" name="Demo.Sample" time="0.010" errors="0" timestamp="2025-01-17T11:47:54 IST" skipped="0">
  <testcase classname="Demo.Sample" name="launch" time="0.010"/>
  <system-out>
    <![CDATA[Sample Class Executed]]>
  </system-out>
</testsuite> <!-- Demo.Sample -->
