<?xml version="1.0" encoding="UTF-8"?>
<!-- Generated by org.testng.reporters.JUnitReportReporter -->
<testsuite hostname="LAPTOP-PESQSHPG" failures="0" tests="1" name="Bikes.YamahaTest" time="22.817" errors="0" timestamp="2025-01-20T11:30:07 IST" skipped="0">
  <testcase classname="Bikes.YamahaTest" name="launch" time="22.817"/>
  <system-out>
    <![CDATA[Yamaha Test get launched]]>
  </system-out>
</testsuite> <!-- Bikes.YamahaTest -->
