<?xml version="1.0" encoding="UTF-8"?>
<!-- Generated by org.testng.reporters.JUnitReportReporter -->
<testsuite hostname="LAPTOP-PESQSHPG" failures="0" tests="1" name="Company.InfosysTest" time="21.490" errors="0" timestamp="2025-01-21T10:31:45 IST" skipped="0">
  <testcase classname="Company.InfosysTest" name="launch" time="21.490"/>
  <system-out>
    <![CDATA[Infosys launched successfully]]>
  </system-out>
</testsuite> <!-- Company.InfosysTest -->
