<?xml version="1.0" encoding="UTF-8"?>
<!-- Generated by org.testng.reporters.JUnitReportReporter -->
<testsuite hostname="LAPTOP-PESQSHPG" failures="0" tests="1" name="MavenParameter.MavenParameterAssignment" time="5.188" errors="0" timestamp="2025-01-21T21:52:18 IST" skipped="0">
  <testcase classname="MavenParameter.MavenParameterAssignment" name="launch" time="5.188"/>
  <system-out/>
</testsuite> <!-- MavenParameter.MavenParameterAssignment -->
