<?xml version="1.0" encoding="UTF-8"?>
<!-- Generated by org.testng.reporters.JUnitReportReporter -->
<testsuite hostname="LAPTOP-PESQSHPG" failures="0" tests="1" name="Bikes.HondaTest" time="8.367" errors="0" timestamp="2025-01-20T11:30:07 IST" skipped="0">
  <testcase classname="Bikes.HondaTest" name="lauch" time="8.367"/>
  <system-out>
    <![CDATA[Honda Test get launched]]>
  </system-out>
</testsuite> <!-- Bikes.HondaTest -->
