<?xml version="1.0" encoding="UTF-8"?>
<!-- Generated by org.testng.reporters.JUnitReportReporter -->
<testsuite hostname="LAPTOP-PESQSHPG" failures="0" tests="1" name="Company.TCSTest" time="17.418" errors="0" timestamp="2025-01-21T10:31:45 IST" skipped="0">
  <testcase classname="Company.TCSTest" name="launch" time="17.418"/>
  <system-out>
    <![CDATA[TCS launched successfully]]>
  </system-out>
</testsuite> <!-- Company.TCSTest -->
