<?xml version="1.0" encoding="UTF-8"?>
<!-- Generated by org.testng.reporters.JUnitReportReporter -->
<testsuite hostname="LAPTOP-PESQSHPG" failures="0" tests="1" name="Cars.LamborginiTest" time="13.237" errors="0" timestamp="2025-01-21T10:29:35 IST" skipped="0">
  <testcase classname="Cars.LamborginiTest" name="launch" time="13.237"/>
  <system-out>
    <![CDATA[Lamborgini Launched Successful]]>
  </system-out>
</testsuite> <!-- Cars.LamborginiTest -->
