<?xml version="1.0" encoding="UTF-8"?>
<!-- Generated by org.testng.reporters.JUnitReportReporter -->
<testsuite hostname="LAPTOP-PESQSHPG" failures="0" tests="1" name="Cars.AudiTest" time="23.011" errors="0" timestamp="2025-01-21T10:29:35 IST" skipped="0">
  <testcase classname="Cars.AudiTest" name="launch" time="23.011"/>
  <system-out>
    <![CDATA[Audi Launched Successful]]>
  </system-out>
</testsuite> <!-- Cars.AudiTest -->
