<?xml version="1.0" encoding="UTF-8"?>
<!-- Generated by org.testng.reporters.JUnitReportReporter -->
<testsuite hostname="LAPTOP-PESQSHPG" failures="0" tests="1" name="Bikes.BajajTest" time="6.551" errors="0" timestamp="2025-01-20T11:51:42 IST" skipped="0">
  <testcase classname="Bikes.BajajTest" name="lauch" time="6.551"/>
  <system-out>
    <![CDATA[Bajaj Test get launched]]>
  </system-out>
</testsuite> <!-- Bikes.BajajTest -->
