<?xml version="1.0" encoding="UTF-8"?>
<!-- Generated by org.testng.reporters.JUnitReportReporter -->
<testsuite hostname="LAPTOP-PESQSHPG" failures="0" tests="1" name="Company.WiproTest" time="25.875" errors="0" timestamp="2025-01-21T10:31:45 IST" skipped="0">
  <testcase classname="Company.WiproTest" name="launch" time="25.875"/>
  <system-out>
    <![CDATA[Wipro launched successfully]]>
  </system-out>
</testsuite> <!-- Company.WiproTest -->
