<?xml version="1.0" encoding="UTF-8"?>
<!-- Generated by org.testng.reporters.JUnitReportReporter -->
<testsuite hostname="LAPTOP-PESQSHPG" failures="0" tests="1" name="Cars.FerrariTest" time="22.323" errors="0" timestamp="2025-01-21T10:29:35 IST" skipped="0">
  <testcase classname="Cars.FerrariTest" name="launch" time="22.323"/>
  <system-out>
    <![CDATA[Ferrari Launched Successful]]>
  </system-out>
</testsuite> <!-- Cars.FerrariTest -->
